 
****************************************
Report : area
Design : hann2ifft
Version: T-2022.03-SP3
Date   : Fri Dec  8 16:28:20 2023
****************************************

Library(s) Used:

    saed32rvt_tt1p05v25c (File: /afs/umich.edu/class/eecs598-002/SAED32/SAED32_EDK/lib/stdcell_rvt/db_ccs/saed32rvt_tt1p05v25c.db)

Number of ports:                         4160
Number of nets:                        107924
Number of cells:                        95110
Number of combinational cells:          61104
Number of sequential cells:             27480
Number of macros/black boxes:               0
Number of buf/inv:                       7760
Number of references:                       4

Combinational area:             166130.120424
Buf/Inv area:                    10255.472887
Noncombinational area:          184940.339994
Macro/Black Box area:                0.000000
Net Interconnect area:          190341.222853

Total cell area:                351070.460419
Total area:                     541411.683271
1
